[2024-05-23 09:45:32,890] {dag_processing.py:601} INFO - Processing files using up to 2 processes at a time 
[2024-05-23 09:45:32,891] {dag_processing.py:602} INFO - Process each file at most once every 30 seconds
[2024-05-23 09:45:32,891] {dag_processing.py:604} INFO - Checking for new files in /opt/airflow/dags every 300 seconds
[2024-05-23 09:45:32,891] {dag_processing.py:752} INFO - Searching for files in /opt/airflow/dags
[2024-05-23 09:45:32,919] {dag_processing.py:755} INFO - There are 26 files in /opt/airflow/dags
[2024-05-23 09:45:37,525] {dag_processing.py:601} INFO - Processing files using up to 2 processes at a time 
[2024-05-23 09:45:37,525] {dag_processing.py:602} INFO - Process each file at most once every 30 seconds
[2024-05-23 09:45:37,526] {dag_processing.py:604} INFO - Checking for new files in /opt/airflow/dags every 300 seconds
[2024-05-23 09:45:37,526] {dag_processing.py:752} INFO - Searching for files in /opt/airflow/dags
[2024-05-23 09:45:37,529] {dag_processing.py:755} INFO - There are 26 files in /opt/airflow/dags
[2024-05-23 09:45:41,533] {dag_processing.py:601} INFO - Processing files using up to 2 processes at a time 
[2024-05-23 09:45:41,533] {dag_processing.py:602} INFO - Process each file at most once every 30 seconds
[2024-05-23 09:45:41,533] {dag_processing.py:604} INFO - Checking for new files in /opt/airflow/dags every 300 seconds
[2024-05-23 09:45:41,533] {dag_processing.py:752} INFO - Searching for files in /opt/airflow/dags
[2024-05-23 09:45:41,547] {dag_processing.py:755} INFO - There are 26 files in /opt/airflow/dags
[2024-05-23 09:45:47,430] {dag_processing.py:601} INFO - Processing files using up to 2 processes at a time 
[2024-05-23 09:45:47,430] {dag_processing.py:602} INFO - Process each file at most once every 30 seconds
[2024-05-23 09:45:47,431] {dag_processing.py:604} INFO - Checking for new files in /opt/airflow/dags every 300 seconds
[2024-05-23 09:45:47,432] {dag_processing.py:752} INFO - Searching for files in /opt/airflow/dags
[2024-05-23 09:45:47,438] {dag_processing.py:755} INFO - There are 26 files in /opt/airflow/dags
[2024-05-23 09:45:52,190] {dag_processing.py:601} INFO - Processing files using up to 2 processes at a time 
[2024-05-23 09:45:52,190] {dag_processing.py:602} INFO - Process each file at most once every 30 seconds
[2024-05-23 09:45:52,190] {dag_processing.py:604} INFO - Checking for new files in /opt/airflow/dags every 300 seconds
[2024-05-23 09:45:52,191] {dag_processing.py:752} INFO - Searching for files in /opt/airflow/dags
[2024-05-23 09:45:52,194] {dag_processing.py:755} INFO - There are 26 files in /opt/airflow/dags
[2024-05-23 09:45:56,697] {dag_processing.py:601} INFO - Processing files using up to 2 processes at a time 
[2024-05-23 09:45:56,697] {dag_processing.py:602} INFO - Process each file at most once every 30 seconds
[2024-05-23 09:45:56,697] {dag_processing.py:604} INFO - Checking for new files in /opt/airflow/dags every 300 seconds
[2024-05-23 09:45:56,698] {dag_processing.py:752} INFO - Searching for files in /opt/airflow/dags
[2024-05-23 09:45:56,701] {dag_processing.py:755} INFO - There are 26 files in /opt/airflow/dags
[2024-05-23 09:46:03,054] {dag_processing.py:601} INFO - Processing files using up to 2 processes at a time 
[2024-05-23 09:46:03,054] {dag_processing.py:602} INFO - Process each file at most once every 30 seconds
[2024-05-23 09:46:03,054] {dag_processing.py:604} INFO - Checking for new files in /opt/airflow/dags every 300 seconds
[2024-05-23 09:46:03,054] {dag_processing.py:752} INFO - Searching for files in /opt/airflow/dags
[2024-05-23 09:46:03,058] {dag_processing.py:755} INFO - There are 26 files in /opt/airflow/dags
[2024-05-23 09:46:12,632] {dag_processing.py:601} INFO - Processing files using up to 2 processes at a time 
[2024-05-23 09:46:12,632] {dag_processing.py:602} INFO - Process each file at most once every 30 seconds
[2024-05-23 09:46:12,632] {dag_processing.py:604} INFO - Checking for new files in /opt/airflow/dags every 300 seconds
[2024-05-23 09:46:12,632] {dag_processing.py:752} INFO - Searching for files in /opt/airflow/dags
[2024-05-23 09:46:12,642] {dag_processing.py:755} INFO - There are 26 files in /opt/airflow/dags
[2024-05-23 09:46:28,467] {dag_processing.py:601} INFO - Processing files using up to 2 processes at a time 
[2024-05-23 09:46:28,467] {dag_processing.py:602} INFO - Process each file at most once every 30 seconds
[2024-05-23 09:46:28,467] {dag_processing.py:604} INFO - Checking for new files in /opt/airflow/dags every 300 seconds
[2024-05-23 09:46:28,467] {dag_processing.py:752} INFO - Searching for files in /opt/airflow/dags
[2024-05-23 09:46:28,471] {dag_processing.py:755} INFO - There are 26 files in /opt/airflow/dags
[2024-05-23 09:46:57,301] {dag_processing.py:601} INFO - Processing files using up to 2 processes at a time 
[2024-05-23 09:46:57,301] {dag_processing.py:602} INFO - Process each file at most once every 30 seconds
[2024-05-23 09:46:57,301] {dag_processing.py:604} INFO - Checking for new files in /opt/airflow/dags every 300 seconds
[2024-05-23 09:46:57,301] {dag_processing.py:752} INFO - Searching for files in /opt/airflow/dags
[2024-05-23 09:46:57,306] {dag_processing.py:755} INFO - There are 26 files in /opt/airflow/dags
[2024-05-23 09:47:51,452] {dag_processing.py:601} INFO - Processing files using up to 2 processes at a time 
[2024-05-23 09:47:51,452] {dag_processing.py:602} INFO - Process each file at most once every 30 seconds
[2024-05-23 09:47:51,452] {dag_processing.py:604} INFO - Checking for new files in /opt/airflow/dags every 300 seconds
[2024-05-23 09:47:51,452] {dag_processing.py:752} INFO - Searching for files in /opt/airflow/dags
[2024-05-23 09:47:51,456] {dag_processing.py:755} INFO - There are 26 files in /opt/airflow/dags
[2024-05-23 09:48:54,594] {dag_processing.py:601} INFO - Processing files using up to 2 processes at a time 
[2024-05-23 09:48:54,594] {dag_processing.py:602} INFO - Process each file at most once every 30 seconds
[2024-05-23 09:48:54,594] {dag_processing.py:604} INFO - Checking for new files in /opt/airflow/dags every 300 seconds
[2024-05-23 09:48:54,594] {dag_processing.py:752} INFO - Searching for files in /opt/airflow/dags
[2024-05-23 09:48:54,598] {dag_processing.py:755} INFO - There are 26 files in /opt/airflow/dags
[2024-05-23 09:49:57,391] {dag_processing.py:601} INFO - Processing files using up to 2 processes at a time 
[2024-05-23 09:49:57,391] {dag_processing.py:602} INFO - Process each file at most once every 30 seconds
[2024-05-23 09:49:57,391] {dag_processing.py:604} INFO - Checking for new files in /opt/airflow/dags every 300 seconds
[2024-05-23 09:49:57,391] {dag_processing.py:752} INFO - Searching for files in /opt/airflow/dags
[2024-05-23 09:49:57,395] {dag_processing.py:755} INFO - There are 26 files in /opt/airflow/dags
